<?xml version="1.0" encoding="UTF-8"?>
<testng-results ignored="0" total="1" passed="1" failed="0" skipped="0">
  <reporter-output>
  </reporter-output>
  <suite started-at="2024-03-12T15:25:22 IST" name="Default suite" finished-at="2024-03-12T15:25:33 IST" duration-ms="11116">
    <groups>
    </groups>
    <test started-at="2024-03-12T15:25:22 IST" name="Default test" finished-at="2024-03-12T15:25:33 IST" duration-ms="11116">
      <class name="demo.Simplejavacode">
        <test-method signature="main()[pri:0, instance:demo.Simplejavacode@2cdd0d4b]" started-at="2024-03-12T15:25:22 IST" name="main" finished-at="2024-03-12T15:25:33 IST" duration-ms="11065" status="PASS">
          <reporter-output>
          </reporter-output>
        </test-method> <!-- main -->
      </class> <!-- demo.Simplejavacode -->
    </test> <!-- Default test -->
  </suite> <!-- Default suite -->
</testng-results>
